2025-03-12T02:01:36.584Z error: Error during initialization: password authentication failed for user "postgres"
2025-03-12T02:01:48.928Z error: Error during initialization: password authentication failed for user "postgres"
2025-03-12T02:03:09.628Z error: Error during initialization: password authentication failed for user "postgres"
2025-03-12T02:05:54.302Z error: Error during initialization: initializeJobs is not a function
2025-03-12T02:07:32.411Z error: Error during initialization: initializeJobs is not a function
2025-03-12T02:29:38.351Z error: Error during initialization: database "tee_times_pg" does not exist
2025-03-12T02:30:56.305Z error: Error during initialization: database "tee_times_pg" does not exist
2025-03-12T02:32:03.407Z error: Error during initialization: database "tee_times_pg" does not exist
2025-03-12T02:34:15.995Z error: Error during initialization: database "tee_times_pg" does not exist
2025-03-12T02:34:58.258Z error: Error during initialization: database "tee_times_pg" does not exist
2025-03-12T02:42:52.193Z error: Error initializing database: Cannot read properties of undefined (reading 'course_id')
2025-03-12T02:42:52.194Z error: Error during initialization: Cannot read properties of undefined (reading 'course_id')
2025-03-12T02:48:50.363Z error: Error during initialization: Maximum call stack size exceeded
2025-03-12T02:50:28.965Z error: Error during initialization: client is not defined
2025-03-12T02:51:22.596Z error: Error initializing database: client.release is not a function
2025-03-12T02:51:22.596Z error: Error during initialization: client.release is not a function
2025-03-12T02:54:33.935Z error: Error initializing database: trigger "update_golf_courses_updated_at" for relation "golf_courses" already exists
2025-03-12T02:54:33.935Z error: Error during initialization: trigger "update_golf_courses_updated_at" for relation "golf_courses" already exists
2025-03-12T02:55:24.378Z error: Error initializing database: query is not defined
2025-03-12T02:55:24.379Z error: Error during initialization: query is not defined
2025-03-12T02:55:58.234Z error: Error initializing database: Cannot read properties of undefined (reading 'course_id')
2025-03-12T02:55:58.234Z error: Error during initialization: Cannot read properties of undefined (reading 'course_id')
2025-03-12T02:56:54.666Z error: Error initializing database: Cannot read properties of undefined (reading 'course_id')
2025-03-12T02:56:54.667Z error: Error during initialization: Cannot read properties of undefined (reading 'course_id')
2025-03-12T03:01:50.690Z error: Error initializing database: Cannot read properties of undefined (reading 'course_id')
2025-03-12T03:01:50.691Z error: Error during initialization: Cannot read properties of undefined (reading 'course_id')
2025-03-12T03:03:51.623Z error: Error initializing database: null value in column "booking_url" of relation "golf_courses" violates not-null constraint
2025-03-12T03:03:51.623Z error: Error during initialization: null value in column "booking_url" of relation "golf_courses" violates not-null constraint
2025-03-12T03:05:35.199Z error: Unknown provider: foreup
2025-03-12T03:05:35.231Z error: Unknown provider: foreup
2025-03-12T03:05:35.265Z error: Unknown provider: teeitup
2025-03-12T03:05:35.299Z error: Unknown provider: teeitup
2025-03-12T03:05:35.332Z error: Unknown provider: teeitup
2025-03-12T03:05:35.365Z error: Unknown provider: teeitup
2025-03-12T03:05:35.398Z error: Unknown provider: teeitup
2025-03-12T03:05:35.430Z error: Unknown provider: teeitup
2025-03-12T03:05:35.463Z error: Unknown provider: foreup
2025-03-12T03:05:35.496Z error: Unknown provider: foreup
2025-03-12T03:05:35.529Z error: Unknown provider: foreup
2025-03-12T03:05:35.561Z error: Unknown provider: foreup
2025-03-12T03:05:35.594Z error: Unknown provider: foreup
2025-03-12T03:05:35.627Z error: Unknown provider: foreup
2025-03-12T03:05:35.660Z error: Unknown provider: teesnap
2025-03-12T03:05:35.692Z error: Unknown provider: teesnap
2025-03-12T03:05:35.728Z error: Unknown provider: teesnap
2025-03-12T03:05:35.760Z error: Unknown provider: teesnap
2025-03-12T03:05:35.793Z error: Unknown provider: teesnap
2025-03-12T03:05:35.826Z error: Unknown provider: teesnap
2025-03-12T03:05:35.860Z error: Unknown provider: teesnap
2025-03-12T03:05:35.894Z error: Unknown provider: teesnap
2025-03-12T03:05:35.928Z error: Unknown provider: teesnap
2025-03-12T03:05:35.963Z error: Unknown provider: teesnap
2025-03-12T03:05:35.997Z error: Unknown provider: teesnap
2025-03-12T03:05:36.031Z error: Unknown provider: teesnap
2025-03-12T03:05:36.065Z error: Unknown provider: teewire
2025-03-12T03:05:36.098Z error: Unknown provider: teewire
2025-03-12T03:08:03.392Z error: Error refreshing tee times for all courses: dbClient is not defined
2025-03-12T03:09:13.487Z error: Unknown provider: teesnap
2025-03-12T03:09:17.365Z error: Unknown provider: teesnap
2025-03-12T03:09:17.796Z error: Unknown provider: teesnap
2025-03-12T03:09:18.139Z error: Unknown provider: teesnap
2025-03-12T03:09:18.311Z error: Unknown provider: teesnap
2025-03-12T03:09:18.460Z error: Unknown provider: teesnap
2025-03-12T03:09:18.596Z error: Unknown provider: teesnap
2025-03-12T03:09:18.765Z error: Unknown provider: teesnap
2025-03-12T03:09:18.929Z error: Unknown provider: teesnap
2025-03-12T03:09:19.230Z error: Unknown provider: teesnap
2025-03-12T03:09:19.392Z error: Unknown provider: teesnap
2025-03-12T03:09:19.569Z error: Unknown provider: teesnap
2025-03-12T03:09:20.287Z error: Unknown provider: teewire
2025-03-12T03:09:20.490Z error: Unknown provider: teewire
2025-03-12T03:09:20.708Z error: Unknown provider: foreup
2025-03-12T03:09:21.751Z error: Unknown provider: foreup
2025-03-12T03:09:21.909Z error: Unknown provider: teeitup
2025-03-12T03:09:22.104Z error: Unknown provider: teeitup
2025-03-12T03:09:22.295Z error: Unknown provider: teeitup
2025-03-12T03:09:22.500Z error: Unknown provider: teeitup
2025-03-12T03:09:22.699Z error: Unknown provider: teeitup
2025-03-12T03:09:23.217Z error: Unknown provider: teeitup
2025-03-12T03:09:23.391Z error: Unknown provider: foreup
2025-03-12T03:09:23.574Z error: Unknown provider: foreup
2025-03-12T03:09:23.915Z error: Unknown provider: foreup
2025-03-12T13:25:16.370Z error: Error checking database initialization: database "tee_times_pg" does not exist
2025-03-12T13:25:16.371Z error: Error initializing database: database "tee_times_pg" does not exist
2025-03-12T13:25:16.371Z error: Error during initialization: database "tee_times_pg" does not exist
2025-03-12T13:29:00.128Z error: Error refreshing tee times for course 1: params is not defined
2025-03-12T13:29:00.128Z error: Error refreshing tee times for course 1: params is not defined
2025-03-12T13:29:00.129Z error: Error refreshing tee times for course 2: params is not defined
2025-03-12T13:29:00.129Z error: Error refreshing tee times for course 2: params is not defined
2025-03-12T13:29:00.130Z error: Error refreshing tee times for course 3: params is not defined
2025-03-12T13:29:00.131Z error: Error refreshing tee times for course 3: params is not defined
2025-03-12T13:29:00.132Z error: Error refreshing tee times for course 4: params is not defined
2025-03-12T13:29:00.133Z error: Error refreshing tee times for course 4: params is not defined
2025-03-12T13:29:00.133Z error: Error refreshing tee times for course 5: params is not defined
2025-03-12T13:29:00.134Z error: Error refreshing tee times for course 5: params is not defined
2025-03-12T13:29:00.135Z error: Error refreshing tee times for course 6: params is not defined
2025-03-12T13:29:00.136Z error: Error refreshing tee times for course 6: params is not defined
2025-03-12T13:29:00.136Z error: Error refreshing tee times for course 7: params is not defined
2025-03-12T13:29:00.137Z error: Error refreshing tee times for course 7: params is not defined
2025-03-12T13:29:00.138Z error: Error refreshing tee times for course 8: params is not defined
2025-03-12T13:29:00.138Z error: Error refreshing tee times for course 8: params is not defined
2025-03-12T13:29:00.139Z error: Error refreshing tee times for course 9: params is not defined
2025-03-12T13:29:00.139Z error: Error refreshing tee times for course 9: params is not defined
2025-03-12T13:29:00.140Z error: Error refreshing tee times for course 10: params is not defined
2025-03-12T13:29:00.140Z error: Error refreshing tee times for course 10: params is not defined
2025-03-12T13:29:00.141Z error: Error refreshing tee times for course 11: params is not defined
2025-03-12T13:29:00.141Z error: Error refreshing tee times for course 11: params is not defined
2025-03-12T13:29:00.142Z error: Error refreshing tee times for course 12: params is not defined
2025-03-12T13:29:00.142Z error: Error refreshing tee times for course 12: params is not defined
2025-03-12T13:29:00.143Z error: Error refreshing tee times for course 13: params is not defined
2025-03-12T13:29:00.143Z error: Error refreshing tee times for course 13: params is not defined
2025-03-12T13:29:00.144Z error: Error refreshing tee times for course 14: params is not defined
2025-03-12T13:29:00.144Z error: Error refreshing tee times for course 14: params is not defined
2025-03-12T13:38:22.579Z error: Error refreshing tee times for course 1: params is not defined
2025-03-12T13:38:24.043Z error: Error refreshing tee times for course 1: params is not defined
2025-03-12T13:38:24.200Z error: Error refreshing tee times for course 2: params is not defined
2025-03-12T13:38:24.426Z error: Error refreshing tee times for course 2: params is not defined
2025-03-12T13:38:24.614Z error: Error refreshing tee times for course 3: params is not defined
2025-03-12T13:38:24.772Z error: Error refreshing tee times for course 3: params is not defined
2025-03-12T13:38:24.943Z error: Error refreshing tee times for course 4: params is not defined
2025-03-12T13:38:25.101Z error: Error refreshing tee times for course 4: params is not defined
2025-03-12T13:38:25.361Z error: Error refreshing tee times for course 5: params is not defined
2025-03-12T13:38:25.637Z error: Error refreshing tee times for course 5: params is not defined
2025-03-12T13:38:25.941Z error: Error refreshing tee times for course 6: params is not defined
2025-03-12T13:38:26.308Z error: Error refreshing tee times for course 6: params is not defined
2025-03-12T13:38:26.638Z error: Error refreshing tee times for course 7: params is not defined
2025-03-12T13:38:26.990Z error: Error refreshing tee times for course 7: params is not defined
2025-03-12T13:38:27.161Z error: Error refreshing tee times for course 8: params is not defined
2025-03-12T13:38:27.326Z error: Error refreshing tee times for course 8: params is not defined
2025-03-12T13:38:27.489Z error: Error refreshing tee times for course 9: params is not defined
2025-03-12T13:38:27.653Z error: Error refreshing tee times for course 9: params is not defined
2025-03-12T13:38:27.828Z error: Error refreshing tee times for course 10: params is not defined
2025-03-12T13:38:28.002Z error: Error refreshing tee times for course 10: params is not defined
2025-03-12T13:38:28.175Z error: Error refreshing tee times for course 11: params is not defined
2025-03-12T13:38:28.343Z error: Error refreshing tee times for course 11: params is not defined
2025-03-12T13:38:28.499Z error: Error refreshing tee times for course 12: params is not defined
2025-03-12T13:38:29.921Z error: Error refreshing tee times for course 12: params is not defined
2025-03-12T13:38:29.922Z error: Error refreshing tee times for course 13: params is not defined
2025-03-12T13:38:29.923Z error: Error refreshing tee times for course 13: params is not defined
2025-03-12T13:38:29.924Z error: Error refreshing tee times for course 14: params is not defined
2025-03-12T13:38:29.925Z error: Error refreshing tee times for course 14: params is not defined
2025-03-12T13:38:38.147Z error: Error refreshing tee times for course 2: params is not defined
2025-03-12T13:38:38.148Z error: Error refreshing tee times for course 2: params is not defined
2025-03-12T13:38:38.149Z error: Error refreshing tee times for course 3: params is not defined
2025-03-12T13:38:38.150Z error: Error refreshing tee times for course 3: params is not defined
2025-03-12T13:38:38.151Z error: Error refreshing tee times for course 4: params is not defined
2025-03-12T13:38:38.152Z error: Error refreshing tee times for course 4: params is not defined
2025-03-12T13:38:38.972Z error: Error refreshing tee times for course 8: params is not defined
2025-03-12T13:38:38.973Z error: Error refreshing tee times for course 8: params is not defined
2025-03-12T13:38:38.974Z error: Error refreshing tee times for course 9: params is not defined
2025-03-12T13:38:38.975Z error: Error refreshing tee times for course 9: params is not defined
2025-03-12T13:38:38.976Z error: Error refreshing tee times for course 10: params is not defined
2025-03-12T13:38:38.977Z error: Error refreshing tee times for course 10: params is not defined
2025-03-12T13:38:38.978Z error: Error refreshing tee times for course 11: params is not defined
2025-03-12T13:38:38.979Z error: Error refreshing tee times for course 11: params is not defined
2025-03-12T13:38:38.980Z error: Error refreshing tee times for course 12: params is not defined
2025-03-12T13:38:38.980Z error: Error refreshing tee times for course 12: params is not defined
2025-03-12T13:38:38.981Z error: Error refreshing tee times for course 13: params is not defined
2025-03-12T13:38:38.982Z error: Error refreshing tee times for course 13: params is not defined
2025-03-12T13:38:38.983Z error: Error refreshing tee times for course 14: params is not defined
2025-03-12T13:38:38.984Z error: Error refreshing tee times for course 14: params is not defined
2025-03-12T13:39:47.198Z error: Error refreshing tee times for course 8: params is not defined
2025-03-12T13:39:47.200Z error: Error refreshing tee times for course 8: params is not defined
2025-03-12T13:39:47.201Z error: Error refreshing tee times for course 9: params is not defined
2025-03-12T13:39:47.202Z error: Error refreshing tee times for course 9: params is not defined
2025-03-12T13:39:47.203Z error: Error refreshing tee times for course 10: params is not defined
2025-03-12T13:39:47.204Z error: Error refreshing tee times for course 10: params is not defined
2025-03-12T13:39:47.205Z error: Error refreshing tee times for course 11: params is not defined
2025-03-12T13:39:47.206Z error: Error refreshing tee times for course 11: params is not defined
2025-03-12T13:39:47.207Z error: Error refreshing tee times for course 12: params is not defined
2025-03-12T13:39:47.208Z error: Error refreshing tee times for course 12: params is not defined
2025-03-12T13:39:47.210Z error: Error refreshing tee times for course 13: params is not defined
2025-03-12T13:39:47.211Z error: Error refreshing tee times for course 13: params is not defined
2025-03-12T13:39:47.212Z error: Error refreshing tee times for course 14: params is not defined
2025-03-12T13:39:47.212Z error: Error refreshing tee times for course 14: params is not defined
2025-03-12T13:39:47.766Z error: Error refreshing tee times for course 2: params is not defined
2025-03-12T13:39:47.768Z error: Error refreshing tee times for course 2: params is not defined
2025-03-12T13:39:47.769Z error: Error refreshing tee times for course 3: params is not defined
2025-03-12T13:39:47.770Z error: Error refreshing tee times for course 3: params is not defined
2025-03-12T13:39:47.771Z error: Error refreshing tee times for course 4: params is not defined
2025-03-12T13:39:47.772Z error: Error refreshing tee times for course 4: params is not defined
2025-03-12T13:41:39.482Z error: Error refreshing tee times for course 2: params is not defined
2025-03-12T13:41:39.483Z error: Error refreshing tee times for course 2: params is not defined
2025-03-12T13:41:39.483Z error: Error refreshing tee times for course 3: params is not defined
2025-03-12T13:41:39.484Z error: Error refreshing tee times for course 3: params is not defined
2025-03-12T13:41:39.485Z error: Error refreshing tee times for course 4: params is not defined
2025-03-12T13:41:39.486Z error: Error refreshing tee times for course 4: params is not defined
2025-03-12T13:57:52.961Z error: Error refreshing tee times for course 14: params is not defined
2025-03-12T13:57:52.962Z error: Error refreshing tee times for course 14: params is not defined
2025-03-12T13:58:11.010Z error: Error refreshing tee times for course 2: params is not defined
2025-03-12T13:58:11.012Z error: Error refreshing tee times for course 2: params is not defined
2025-03-12T13:58:11.013Z error: Error refreshing tee times for course 3: params is not defined
2025-03-12T13:58:11.014Z error: Error refreshing tee times for course 3: params is not defined
2025-03-12T13:58:11.015Z error: Error refreshing tee times for course 4: params is not defined
2025-03-12T13:58:11.017Z error: Error refreshing tee times for course 4: params is not defined
2025-03-12T13:58:18.565Z error: Error refreshing tee times for course 8: params is not defined
2025-03-12T13:58:18.567Z error: Error refreshing tee times for course 8: params is not defined
2025-03-12T13:58:18.568Z error: Error refreshing tee times for course 9: params is not defined
2025-03-12T13:58:18.570Z error: Error refreshing tee times for course 9: params is not defined
2025-03-12T13:58:18.572Z error: Error refreshing tee times for course 10: params is not defined
2025-03-12T13:58:18.573Z error: Error refreshing tee times for course 10: params is not defined
2025-03-12T13:58:18.575Z error: Error refreshing tee times for course 11: params is not defined
2025-03-12T13:58:18.576Z error: Error refreshing tee times for course 11: params is not defined
2025-03-12T13:58:18.578Z error: Error refreshing tee times for course 12: params is not defined
2025-03-12T13:58:18.579Z error: Error refreshing tee times for course 12: params is not defined
2025-03-12T13:58:18.581Z error: Error refreshing tee times for course 13: params is not defined
2025-03-12T13:58:18.582Z error: Error refreshing tee times for course 13: params is not defined
2025-03-12T14:04:10.995Z error: Error refreshing tee times for course 8: params is not defined
2025-03-12T14:04:10.996Z error: Error refreshing tee times for course 8: params is not defined
2025-03-12T14:04:10.997Z error: Error refreshing tee times for course 9: params is not defined
2025-03-12T14:04:10.998Z error: Error refreshing tee times for course 9: params is not defined
2025-03-12T14:04:10.998Z error: Error refreshing tee times for course 10: params is not defined
2025-03-12T14:04:10.999Z error: Error refreshing tee times for course 10: params is not defined
2025-03-12T14:04:11.000Z error: Error refreshing tee times for course 11: params is not defined
2025-03-12T14:04:11.001Z error: Error refreshing tee times for course 11: params is not defined
2025-03-12T14:12:29.748Z error: Error refreshing tee times for course 12: params is not defined
2025-03-12T14:12:29.749Z error: Error refreshing tee times for course 12: params is not defined
2025-03-12T14:12:29.750Z error: Error refreshing tee times for course 13: params is not defined
2025-03-12T14:12:29.751Z error: Error refreshing tee times for course 13: params is not defined
2025-03-12T14:12:29.751Z error: Error refreshing tee times for course 14: params is not defined
2025-03-12T14:12:29.752Z error: Error refreshing tee times for course 14: params is not defined
2025-03-12T14:16:23.715Z error: Error refreshing tee times for course 13: url is not defined
2025-03-12T14:16:23.716Z error: Error refreshing tee times for course 13: url is not defined
2025-03-12T14:16:23.718Z error: Error refreshing tee times for course 14: params is not defined
2025-03-12T14:16:23.719Z error: Error refreshing tee times for course 14: params is not defined
2025-03-12T14:16:24.623Z error: Error saving tee times for course 1: null value in column "tee_time" of relation "tee_times" violates not-null constraint
2025-03-12T14:16:24.623Z error: Error refreshing tee times for course 1: null value in column "tee_time" of relation "tee_times" violates not-null constraint
2025-03-12T14:21:42.828Z error: Error saving tee times for course 1: null value in column "tee_time" of relation "tee_times" violates not-null constraint
2025-03-12T14:21:42.829Z error: Error refreshing tee times for course 1: null value in column "tee_time" of relation "tee_times" violates not-null constraint
2025-03-12T14:22:20.559Z error: Error saving tee times for course 6: null value in column "tee_time" of relation "tee_times" violates not-null constraint
2025-03-12T14:22:20.559Z error: Error refreshing tee times for course 6: null value in column "tee_time" of relation "tee_times" violates not-null constraint
2025-03-12T14:22:21.190Z error: Error saving tee times for course 7: null value in column "tee_time" of relation "tee_times" violates not-null constraint
2025-03-12T14:22:21.190Z error: Error refreshing tee times for course 7: null value in column "tee_time" of relation "tee_times" violates not-null constraint
2025-03-12T14:22:21.192Z error: Error refreshing tee times for course 8: url is not defined
2025-03-12T14:22:21.193Z error: Error refreshing tee times for course 8: url is not defined
2025-03-12T14:22:21.194Z error: Error refreshing tee times for course 9: url is not defined
2025-03-12T14:22:21.195Z error: Error refreshing tee times for course 9: url is not defined
2025-03-12T14:22:21.196Z error: Error refreshing tee times for course 10: url is not defined
2025-03-12T14:22:21.197Z error: Error refreshing tee times for course 10: url is not defined
2025-03-12T14:22:21.198Z error: Error refreshing tee times for course 11: url is not defined
2025-03-12T14:22:21.199Z error: Error refreshing tee times for course 11: url is not defined
2025-03-12T14:22:21.200Z error: Error refreshing tee times for course 12: url is not defined
2025-03-12T14:22:21.201Z error: Error refreshing tee times for course 12: url is not defined
2025-03-12T14:22:21.202Z error: Error refreshing tee times for course 13: url is not defined
2025-03-12T14:22:21.203Z error: Error refreshing tee times for course 13: url is not defined
2025-03-12T14:22:21.205Z error: Error refreshing tee times for course 14: params is not defined
2025-03-12T14:22:21.209Z error: Error refreshing tee times for course 14: params is not defined
2025-03-12T14:24:45.194Z error: Unknown provider: foreup
2025-03-12T14:24:45.195Z error: Unknown provider: foreup
2025-03-12T14:24:45.196Z error: Unknown provider: foreup
2025-03-12T14:24:45.197Z error: Unknown provider: foreup
2025-03-12T14:24:45.199Z error: Unknown provider: foreup
2025-03-12T14:24:45.200Z error: Unknown provider: foreup
2025-03-12T14:24:45.201Z error: Unknown provider: teesnap
2025-03-12T14:24:45.202Z error: Unknown provider: teesnap
2025-03-12T14:24:45.203Z error: Unknown provider: teesnap
2025-03-12T14:24:45.204Z error: Unknown provider: teesnap
2025-03-12T14:24:45.204Z error: Unknown provider: teesnap
2025-03-12T14:24:45.205Z error: Unknown provider: teesnap
2025-03-12T14:24:45.206Z error: Unknown provider: foreup
2025-03-12T14:24:45.207Z error: Unknown provider: foreup
2025-03-12T14:26:25.041Z error: Unknown provider: teesnap
2025-03-12T14:26:25.042Z error: Unknown provider: teesnap
2025-03-12T14:26:25.042Z error: Unknown provider: teewire
2025-03-12T14:26:25.043Z error: Unknown provider: foreup
2025-03-12T14:26:47.649Z error: Unknown provider: foreup
2025-03-12T14:26:47.650Z error: Unknown provider: foreup
2025-03-12T14:26:47.651Z error: Unknown provider: foreup
2025-03-12T14:26:47.652Z error: Unknown provider: teesnap
2025-03-12T14:26:47.653Z error: Unknown provider: teesnap
2025-03-12T14:26:47.654Z error: Unknown provider: teesnap
2025-03-12T14:26:47.655Z error: Unknown provider: teesnap
2025-03-12T14:29:22.437Z error: Error initializing database: column "external_id" of relation "golf_courses" does not exist
2025-03-12T14:29:22.438Z error: Error during initialization: column "external_id" of relation "golf_courses" does not exist
2025-03-12T14:30:17.419Z error: Error checking database initialization: database "tee_times_pg" does not exist
2025-03-12T14:30:17.419Z error: Error initializing database: database "tee_times_pg" does not exist
2025-03-12T14:30:17.419Z error: Error during initialization: database "tee_times_pg" does not exist
2025-03-12T14:31:48.696Z error: Error checking database initialization: connect ECONNREFUSED 127.0.0.1:5432
2025-03-12T14:31:48.696Z error: Error initializing database: connect ECONNREFUSED 127.0.0.1:5432
2025-03-12T14:31:48.696Z error: Error during initialization: connect ECONNREFUSED 127.0.0.1:5432
2025-03-12T14:32:08.530Z error: Error initializing database: column "external_id" of relation "golf_courses" does not exist
2025-03-12T14:32:08.530Z error: Error during initialization: column "external_id" of relation "golf_courses" does not exist
2025-03-12T14:33:20.165Z error: Unknown provider: foreup
2025-03-12T14:33:30.239Z error: Unknown provider: foreup
2025-03-12T14:33:30.240Z error: Unknown provider: foreup
2025-03-12T14:33:30.241Z error: Unknown provider: foreup
2025-03-12T14:33:30.242Z error: Unknown provider: teesnap
2025-03-12T14:33:30.243Z error: Unknown provider: teesnap
2025-03-12T14:33:30.244Z error: Unknown provider: teesnap
2025-03-12T14:33:30.245Z error: Unknown provider: teesnap
2025-03-12T14:33:30.245Z error: Unknown provider: teesnap
2025-03-12T14:33:30.246Z error: Unknown provider: teesnap
2025-03-12T14:33:30.247Z error: Unknown provider: teewire
2025-03-12T14:38:09.479Z error: Unknown provider: foreup
2025-03-12T14:38:09.480Z error: Unknown provider: teeitup
2025-03-12T14:38:09.480Z error: Unknown provider: teeitup
2025-03-12T14:38:09.481Z error: Unknown provider: teeitup
2025-03-12T14:38:09.481Z error: Unknown provider: foreup
2025-03-12T14:38:09.482Z error: Unknown provider: foreup
2025-03-12T14:38:09.482Z error: Unknown provider: foreup
2025-03-12T14:38:13.950Z error: Error refreshing tee times for course 14: params is not defined
2025-03-12T14:40:29.076Z error: Unknown provider: foreup
2025-03-12T14:40:29.077Z error: Unknown provider: teeitup
2025-03-12T14:40:29.078Z error: Unknown provider: teeitup
2025-03-12T14:40:29.079Z error: Unknown provider: teeitup
2025-03-12T14:40:29.080Z error: Unknown provider: foreup
2025-03-12T14:40:29.081Z error: Unknown provider: foreup
2025-03-12T14:40:29.082Z error: Unknown provider: foreup
2025-03-12T14:47:49.536Z error: Unknown provider: foreup
2025-03-12T14:48:49.168Z error: Unknown provider: foreup
2025-03-12T14:48:49.169Z error: Unknown provider: teeitup
2025-03-12T14:48:49.170Z error: Unknown provider: teeitup
2025-03-12T14:48:49.171Z error: Unknown provider: teeitup
2025-03-12T14:48:49.172Z error: Unknown provider: foreup
2025-03-12T14:48:49.172Z error: Unknown provider: foreup
2025-03-12T14:48:49.173Z error: Unknown provider: foreup
2025-03-12T14:49:53.306Z error: Unknown provider: teeitup
2025-03-12T14:49:53.307Z error: Unknown provider: teeitup
2025-03-12T14:49:53.308Z error: Unknown provider: foreup
2025-03-12T14:49:53.309Z error: Unknown provider: foreup
2025-03-12T14:49:53.310Z error: Unknown provider: foreup
2025-03-12T14:50:28.007Z error: Unknown provider: foreup
2025-03-12T14:50:28.008Z error: Unknown provider: teeitup
2025-03-12T14:50:31.919Z error: Unknown provider: teewire
2025-03-12T14:58:41.378Z error: Error saving tee times for course 1: null value in column "tee_time" of relation "tee_times" violates not-null constraint
2025-03-12T14:58:41.379Z error: Error refreshing tee times for course 1: null value in column "tee_time" of relation "tee_times" violates not-null constraint
2025-03-12T14:58:43.802Z error: Error saving tee times for course 6: null value in column "tee_time" of relation "tee_times" violates not-null constraint
2025-03-12T14:58:43.803Z error: Error refreshing tee times for course 6: null value in column "tee_time" of relation "tee_times" violates not-null constraint
2025-03-12T14:58:44.131Z error: Error saving tee times for course 7: null value in column "tee_time" of relation "tee_times" violates not-null constraint
2025-03-12T14:58:44.131Z error: Error refreshing tee times for course 7: null value in column "tee_time" of relation "tee_times" violates not-null constraint
2025-03-12T15:00:54.521Z error: Error saving tee times for course 1: null value in column "tee_time" of relation "tee_times" violates not-null constraint
2025-03-12T15:00:54.521Z error: Error refreshing tee times for course 1: null value in column "tee_time" of relation "tee_times" violates not-null constraint
2025-03-12T15:00:56.977Z error: Error saving tee times for course 6: null value in column "tee_time" of relation "tee_times" violates not-null constraint
2025-03-12T15:00:56.977Z error: Error refreshing tee times for course 6: null value in column "tee_time" of relation "tee_times" violates not-null constraint
2025-03-12T15:00:57.242Z error: Error saving tee times for course 7: null value in column "tee_time" of relation "tee_times" violates not-null constraint
2025-03-12T15:00:57.242Z error: Error refreshing tee times for course 7: null value in column "tee_time" of relation "tee_times" violates not-null constraint
2025-03-12T15:05:08.575Z error: Error saving tee times for course 14: null value in column "tee_time" of relation "tee_times" violates not-null constraint
2025-03-12T15:05:08.575Z error: Error refreshing tee times for course 14: null value in column "tee_time" of relation "tee_times" violates not-null constraint
2025-03-12T15:05:09.094Z error: Error saving tee times for course 1: null value in column "tee_time" of relation "tee_times" violates not-null constraint
2025-03-12T15:05:09.094Z error: Error refreshing tee times for course 1: null value in column "tee_time" of relation "tee_times" violates not-null constraint
2025-03-12T15:05:11.241Z error: Error saving tee times for course 6: null value in column "tee_time" of relation "tee_times" violates not-null constraint
2025-03-12T15:05:11.242Z error: Error refreshing tee times for course 6: null value in column "tee_time" of relation "tee_times" violates not-null constraint
2025-03-12T15:05:11.561Z error: Error saving tee times for course 7: null value in column "tee_time" of relation "tee_times" violates not-null constraint
2025-03-12T15:05:11.561Z error: Error refreshing tee times for course 7: null value in column "tee_time" of relation "tee_times" violates not-null constraint
2025-03-12T15:13:57.408Z error: Error saving tee times for course 1: invalid input syntax for type integer: "9/18"
2025-03-12T15:13:57.408Z error: Error refreshing tee times for course 1: invalid input syntax for type integer: "9/18"
2025-03-12T15:14:48.136Z error: Error saving tee times for course 1: relation "tee_times" does not exist
2025-03-12T15:14:48.137Z error: Error refreshing tee times for course 1: relation "tee_times" does not exist
2025-03-12T15:14:59.778Z error: Error saving tee times for course 6: relation "tee_times" does not exist
2025-03-12T15:14:59.778Z error: Error refreshing tee times for course 6: relation "tee_times" does not exist
2025-03-12T15:18:16.870Z error: Error saving tee times for course 1: null value in column "tee_time" of relation "tee_times" violates not-null constraint
2025-03-12T15:18:16.870Z error: Error refreshing tee times for course 1: null value in column "tee_time" of relation "tee_times" violates not-null constraint
2025-03-12T15:20:02.302Z error: Error saving tee times for course 8: null value in column "tee_time" of relation "tee_times" violates not-null constraint
2025-03-12T15:20:02.302Z error: Error refreshing tee times for course 8: null value in column "tee_time" of relation "tee_times" violates not-null constraint
2025-03-12T15:22:10.650Z error: Error saving tee times for course 8: null value in column "tee_time" of relation "tee_times" violates not-null constraint
2025-03-12T15:22:10.651Z error: Error refreshing tee times for course 8: null value in column "tee_time" of relation "tee_times" violates not-null constraint
2025-03-12T15:23:14.412Z error: Error saving tee times for course 8: null value in column "tee_time" of relation "tee_times" violates not-null constraint
2025-03-12T15:23:14.412Z error: Error refreshing tee times for course 8: null value in column "tee_time" of relation "tee_times" violates not-null constraint
2025-03-12T15:23:25.234Z error: Error saving tee times for course 10: null value in column "tee_time" of relation "tee_times" violates not-null constraint
2025-03-12T15:23:25.234Z error: Error refreshing tee times for course 10: null value in column "tee_time" of relation "tee_times" violates not-null constraint
2025-03-12T15:31:47.920Z error: Error saving tee times for course 1: invalid input syntax for type json
2025-03-12T15:31:47.920Z error: Error refreshing tee times for course 1: invalid input syntax for type json
2025-03-12T15:32:41.285Z error: Error saving tee times for course 6: invalid input syntax for type json
2025-03-12T15:32:41.285Z error: Error refreshing tee times for course 6: invalid input syntax for type json
2025-03-12T15:45:59.726Z error: Error refreshing tee times for all courses:  date is not defined
2025-03-12T15:56:05.775Z error: Error refreshing tee times for all courses:  date is not defined
2025-03-12T16:20:20.641Z error: Error refreshing tee times for course courses: refreshTeeTimesForCourse is not a function
2025-03-12T16:32:32.955Z error: Error getting tee times for course all on 2023-03-13 with undefined players and undefined holes: invalid input syntax for type integer: "all"
2025-03-12T16:32:32.956Z error: Error fetching tee times: invalid input syntax for type integer: "all"
2025-03-12T16:32:48.815Z error: Error getting tee times for course all on 2023-03-13 with undefined players and undefined holes: invalid input syntax for type integer: "all"
2025-03-12T16:32:48.815Z error: Error fetching tee times: invalid input syntax for type integer: "all"
2025-03-12T16:33:29.285Z error: Error getting tee times for course all on 2023-03-13 with undefined players and undefined holes: invalid input syntax for type integer: "all"
2025-03-12T16:33:29.285Z error: Error fetching tee times: invalid input syntax for type integer: "all"
2025-03-12T16:34:13.858Z error: Error getting tee times on 2025-03-13:  could not determine data type of parameter $1
2025-03-12T16:34:13.859Z error: Error fetching tee times: could not determine data type of parameter $1
2025-03-12T16:36:23.177Z error: Error refreshing tee times for course 1: refreshTeeTimesForCourse is not a function
2025-03-12T16:39:27.957Z error: Error saving tee times for course 1: moment(...).tz is not a function
2025-03-12T16:39:27.957Z error: Error refreshing tee times for course 1: moment(...).tz is not a function
2025-03-12T16:42:44.821Z error: Error saving tee times for course 1: moment(...).tz is not a function
2025-03-12T16:42:44.822Z error: Error refreshing tee times for course 1: moment(...).tz is not a function
2025-03-12T16:43:44.616Z error: Error fetching tee times: moment(...).tz is not a function
